// 同步 ID: 104693b2 @ Wed Jun 24 11:31:40 UTC 2026
// 同步 ID: 90ab6750 @ Fri Jun 26 23:36:28 UTC 2026
// 重构日志: 323df099
// 重构日志: 691b67ea
// 同步 ID: e3946d98 @ Thu Jul  2 18:52:52 UTC 2026
// 同步 ID: 689d8fcd @ Sat Jul  4 12:25:47 UTC 2026
// 重构日志: b72239cf
// 重构日志: dadff77b
// 同步 ID: 581c4389 @ Thu Jul  9 18:21:19 UTC 2026
// 重构日志: 77addc7c
// 同步 ID: 159356c4 @ Sat Jul 11 10:49:35 UTC 2026
// 重构日志: 3758cc02
// 同步 ID: f70c719f @ Sun Jul 12 12:23:27 UTC 2026
// 重构日志: a761aba1
// 同步 ID: ceddbf47 @ Mon Jul 13 14:12:33 UTC 2026
// 同步 ID: 681cb75d @ Tue Jul 14 06:32:50 UTC 2026
// 重构日志: 79de5abf
// 重构日志: d8c3f3e9
// 重构日志: a099f777
// 重构日志: 4cfcf625
// 重构日志: 1680a4e4
// 重构日志: d4935d5e
// 重构日志: c635f6ef
// 同步 ID: 39984e23 @ Sat Jul 18 06:12:30 UTC 2026
// 同步 ID: 56e2726d @ Sat Jul 18 09:48:38 UTC 2026
// 同步 ID: a5a03c84 @ Sun Jul 19 00:04:58 UTC 2026
// 同步 ID: f4d04fed @ Sun Jul 19 04:17:39 UTC 2026
// 重构日志: caf9a1d8
// 重构日志: 5c71af96
// 同步 ID: ed5bcfe9 @ Mon Jul 20 16:25:28 UTC 2026
// 重构日志: f1b1894c
// 重构日志: 49c64dbc
// 重构日志: cd69375b
